root [INFO] (__main__.py @ 36) DEBUG MODE: True
root [DEBUG] (__main__.py @ 37) arguments: ['/Users/micah/Downloads/start9/plebtools/src/__main__.py']
root [WARNING] (__main__.py @ 40) hello... is this going to be in the docker logs?
asyncio [DEBUG] (selector_events.py @ 54) Using selector: KqueueSelector
tornado.application [ERROR] (ioloop.py @ 760) Exception in callback functools.partial(<bound method IOLoop._discard_future_result of <tornado.platform.asyncio.AsyncIOMainLoop object at 0x101b8dba0>>, <Task finished name='Task-1' coro=<open_webbrowser_on_server_started() done, defined at /Users/micah/Downloads/start9/plebtools/venv/lib/python3.10/site-packages/pywebio/platform/tornado.py:180> exception=AttributeError("'list' object has no attribute 'level'")>)
Traceback (most recent call last):
  File "/Users/micah/Downloads/start9/plebtools/venv/lib/python3.10/site-packages/tornado/ioloop.py", line 740, in _run_callback
    ret = callback()
  File "/Users/micah/Downloads/start9/plebtools/venv/lib/python3.10/site-packages/tornado/ioloop.py", line 764, in _discard_future_result
    future.result()
  File "/Users/micah/Downloads/start9/plebtools/venv/lib/python3.10/site-packages/pywebio/platform/tornado.py", line 184, in open_webbrowser_on_server_started
    logger.info('Try open %s in web browser' % url)
  File "/opt/homebrew/Cellar/python@3.10/3.10.8/Frameworks/Python.framework/Versions/3.10/lib/python3.10/logging/__init__.py", line 1477, in info
    self._log(INFO, msg, args, **kwargs)
  File "/opt/homebrew/Cellar/python@3.10/3.10.8/Frameworks/Python.framework/Versions/3.10/lib/python3.10/logging/__init__.py", line 1624, in _log
    self.handle(record)
  File "/opt/homebrew/Cellar/python@3.10/3.10.8/Frameworks/Python.framework/Versions/3.10/lib/python3.10/logging/__init__.py", line 1634, in handle
    self.callHandlers(record)
  File "/opt/homebrew/Cellar/python@3.10/3.10.8/Frameworks/Python.framework/Versions/3.10/lib/python3.10/logging/__init__.py", line 1695, in callHandlers
    if record.levelno >= hdlr.level:
AttributeError: 'list' object has no attribute 'level'
tornado.general [INFO] (autoreload.py @ 200) /Users/micah/Downloads/start9/plebtools/src/__main__.py modified; restarting server
root [INFO] (__main__.py @ 36) DEBUG MODE: True
root [DEBUG] (__main__.py @ 37) arguments: ['/Users/micah/Downloads/start9/plebtools/src/__main__.py']
root [WARNING] (__main__.py @ 40) hello... is this going to be in the docker logs?
asyncio [DEBUG] (selector_events.py @ 54) Using selector: KqueueSelector
tornado.application [ERROR] (ioloop.py @ 760) Exception in callback functools.partial(<bound method IOLoop._discard_future_result of <tornado.platform.asyncio.AsyncIOMainLoop object at 0x1042fdba0>>, <Task finished name='Task-1' coro=<open_webbrowser_on_server_started() done, defined at /Users/micah/Downloads/start9/plebtools/venv/lib/python3.10/site-packages/pywebio/platform/tornado.py:180> exception=AttributeError("'list' object has no attribute 'level'")>)
Traceback (most recent call last):
  File "/Users/micah/Downloads/start9/plebtools/venv/lib/python3.10/site-packages/tornado/ioloop.py", line 740, in _run_callback
    ret = callback()
  File "/Users/micah/Downloads/start9/plebtools/venv/lib/python3.10/site-packages/tornado/ioloop.py", line 764, in _discard_future_result
    future.result()
  File "/Users/micah/Downloads/start9/plebtools/venv/lib/python3.10/site-packages/pywebio/platform/tornado.py", line 184, in open_webbrowser_on_server_started
    logger.info('Try open %s in web browser' % url)
  File "/opt/homebrew/Cellar/python@3.10/3.10.8/Frameworks/Python.framework/Versions/3.10/lib/python3.10/logging/__init__.py", line 1477, in info
    self._log(INFO, msg, args, **kwargs)
  File "/opt/homebrew/Cellar/python@3.10/3.10.8/Frameworks/Python.framework/Versions/3.10/lib/python3.10/logging/__init__.py", line 1624, in _log
    self.handle(record)
  File "/opt/homebrew/Cellar/python@3.10/3.10.8/Frameworks/Python.framework/Versions/3.10/lib/python3.10/logging/__init__.py", line 1634, in handle
    self.callHandlers(record)
  File "/opt/homebrew/Cellar/python@3.10/3.10.8/Frameworks/Python.framework/Versions/3.10/lib/python3.10/logging/__init__.py", line 1695, in callHandlers
    if record.levelno >= hdlr.level:
AttributeError: 'list' object has no attribute 'level'
tornado.general [INFO] (autoreload.py @ 200) /Users/micah/Downloads/start9/plebtools/src/__main__.py modified; restarting server
root [INFO] (__main__.py @ 37) DEBUG MODE: True
root [DEBUG] (__main__.py @ 38) arguments: ['/Users/micah/Downloads/start9/plebtools/src/__main__.py']
root [WARNING] (__main__.py @ 41) hello... is this going to be in the docker logs?
asyncio [DEBUG] (selector_events.py @ 54) Using selector: KqueueSelector
pywebio.platform.tornado [INFO] (tornado.py @ 184) Try open http://0.0.0.0:8080 in web browser
pywebio.session.base [ERROR] (base.py @ 137) Error
Traceback (most recent call last):
  File "/Users/micah/Downloads/start9/plebtools/venv/lib/python3.10/site-packages/pywebio/session/threadbased.py", line 86, in main_task
    target()
  File "/Users/micah/Downloads/start9/plebtools/src/__main__.py", line 63, in main_menu
    output.put_button("Dashboard", onclick=tool_dashboard.ui.main_page)
AttributeError: module 'src.tool_dashboard' has no attribute 'ui'
pywebio.platform.adaptor.http [DEBUG] (http.py @ 131) removing expired sessions
tornado.general [INFO] (autoreload.py @ 200) /Users/micah/Downloads/start9/plebtools/src/tool_dashboard/__init__.py modified; restarting server
root [INFO] (__main__.py @ 37) DEBUG MODE: True
root [DEBUG] (__main__.py @ 38) arguments: ['/Users/micah/Downloads/start9/plebtools/src/__main__.py']
root [WARNING] (__main__.py @ 41) hello... is this going to be in the docker logs?
asyncio [DEBUG] (selector_events.py @ 54) Using selector: KqueueSelector
pywebio.platform.tornado [INFO] (tornado.py @ 184) Try open http://0.0.0.0:8080 in web browser
pywebio.session.base [ERROR] (base.py @ 137) Error
Traceback (most recent call last):
  File "/Users/micah/Downloads/start9/plebtools/venv/lib/python3.10/site-packages/pywebio/session/threadbased.py", line 86, in main_task
    target()
  File "/Users/micah/Downloads/start9/plebtools/src/__main__.py", line 63, in main_menu
    output.put_button("Dashboard", onclick=tool_dashboard.ui.main_page)
AttributeError: module 'src.tool_dashboard' has no attribute 'ui'
pywebio.platform.adaptor.http [DEBUG] (http.py @ 131) removing expired sessions
tornado.general [INFO] (autoreload.py @ 200) /Users/micah/Downloads/start9/plebtools/src/__main__.py modified; restarting server
root [INFO] (__main__.py @ 37) DEBUG MODE: True
root [DEBUG] (__main__.py @ 38) arguments: ['/Users/micah/Downloads/start9/plebtools/src/__main__.py']
root [WARNING] (__main__.py @ 41) hello... is this going to be in the docker logs?
asyncio [DEBUG] (selector_events.py @ 54) Using selector: KqueueSelector
pywebio.platform.tornado [INFO] (tornado.py @ 184) Try open http://0.0.0.0:8080 in web browser
pywebio.session.threadbased [DEBUG] (threadbased.py @ 239) Callback thread start
pywebio.platform.adaptor.http [DEBUG] (http.py @ 131) removing expired sessions
root [ERROR] (__main__.py @ 49) candyfile: /root/assets/candy
root [ERROR] (__main__.py @ 53) CANDY FILE NOT FOUND
root [ERROR] (__main__.py @ 49) candyfile: /root/assets/candy
root [ERROR] (__main__.py @ 53) CANDY FILE NOT FOUND
root [INFO] (__main__.py @ 37) DEBUG MODE: True
root [DEBUG] (__main__.py @ 38) arguments: ['/Users/micah/Downloads/start9/plebtools/src/__main__.py']
root [WARNING] (__main__.py @ 41) hello... is this going to be in the docker logs?
asyncio [DEBUG] (selector_events.py @ 54) Using selector: KqueueSelector
pywebio.platform.tornado [INFO] (tornado.py @ 184) Try open http://0.0.0.0:8080 in web browser
pywebio.session.threadbased [DEBUG] (threadbased.py @ 239) Callback thread start
pywebio.platform.adaptor.http [DEBUG] (http.py @ 131) removing expired sessions
tornado.general [INFO] (autoreload.py @ 200) /Users/micah/Downloads/start9/plebtools/src/__main__.py modified; restarting server
root [INFO] (__main__.py @ 37) DEBUG MODE: True
root [DEBUG] (__main__.py @ 38) arguments: ['/Users/micah/Downloads/start9/plebtools/src/__main__.py']
root [WARNING] (__main__.py @ 41) hello... is this going to be in the docker logs?
asyncio [DEBUG] (selector_events.py @ 54) Using selector: KqueueSelector
pywebio.platform.tornado [INFO] (tornado.py @ 184) Try open http://0.0.0.0:8080 in web browser
pywebio.session.threadbased [DEBUG] (threadbased.py @ 239) Callback thread start
pywebio.platform.adaptor.http [DEBUG] (http.py @ 131) removing expired sessions
tornado.general [INFO] (autoreload.py @ 200) /Users/micah/Downloads/start9/plebtools/src/__main__.py modified; restarting server
root [INFO] (__main__.py @ 37) DEBUG MODE: True
root [DEBUG] (__main__.py @ 38) arguments: ['/Users/micah/Downloads/start9/plebtools/src/__main__.py']
root [WARNING] (__main__.py @ 41) hello... is this going to be in the docker logs?
asyncio [DEBUG] (selector_events.py @ 54) Using selector: KqueueSelector
pywebio.platform.tornado [INFO] (tornado.py @ 184) Try open http://0.0.0.0:8080 in web browser
pywebio.session.threadbased [DEBUG] (threadbased.py @ 239) Callback thread start
pywebio.platform.adaptor.http [DEBUG] (http.py @ 131) removing expired sessions
urllib3.connectionpool [DEBUG] (connectionpool.py @ 1003) Starting new HTTPS connection (1): api.coinbase.com:443
urllib3.connectionpool [DEBUG] (connectionpool.py @ 456) https://api.coinbase.com:443 "GET /v2/prices/spot?currency=USD HTTP/1.1" 200 None
root [DEBUG] (coinbase.py @ 27) query_bitcoin_spot_price() -> 16175.58
root [DEBUG] (mempoolspace.py @ 30) query_mempool_blockcount()
urllib3.connectionpool [DEBUG] (connectionpool.py @ 1003) Starting new HTTPS connection (1): mempool.space:443
urllib3.connectionpool [DEBUG] (connectionpool.py @ 456) https://mempool.space:443 "GET /api/blocks/tip/height HTTP/1.1" 200 6
root [DEBUG] (mempoolspace.py @ 34) response.status_code=200
root [DEBUG] (mempoolspace.py @ 44) query_mempool_blockcount() -> 764336
root [DEBUG] (mempoolspace.py @ 74) query_mempool_blocktime(height=0)
root [DEBUG] (mempoolspace.py @ 9) query_mempool_bitcoin_getblockhash(height=0)
urllib3.connectionpool [DEBUG] (connectionpool.py @ 1003) Starting new HTTPS connection (1): mempool.space:443
urllib3.connectionpool [DEBUG] (connectionpool.py @ 456) https://mempool.space:443 "GET /api/block-height/0 HTTP/1.1" 200 64
root [DEBUG] (mempoolspace.py @ 14) response.status_code=200
root [DEBUG] (mempoolspace.py @ 25) query_mempool_bitcoin_getblockhash() -> 000000000019d6689c085ae165831e934ff763ae46a2a6c172b3f1b60a8ce26f
root [DEBUG] (mempoolspace.py @ 49) query_mempool_block_info(hash='000000000019d6689c085ae165831e934ff763ae46a2a6c172b3f1b60a8ce26f')
urllib3.connectionpool [DEBUG] (connectionpool.py @ 1003) Starting new HTTPS connection (1): mempool.space:443
urllib3.connectionpool [DEBUG] (connectionpool.py @ 456) https://mempool.space:443 "GET /api/block/000000000019d6689c085ae165831e934ff763ae46a2a6c172b3f1b60a8ce26f HTTP/1.1" 200 338
root [DEBUG] (mempoolspace.py @ 53) response.status_code=200; {"id":"000000000019d6689c085ae165831e934ff763ae46a2a6c172b3f1b60a8ce26f","height":0,"version":1,"timestamp":1231006505,"tx_count":1,"size":285,"weight":1140,"merkle_root":"4a5e1e4baab89f3a32518a88c31bc87f618f76673e2cc77ab2127b7afdeda33b","previousblockhash":null,"mediantime":1231006505,"nonce":2083236893,"bits":486604799,"difficulty":1}
root [DEBUG] (mempoolspace.py @ 69) query_mempool_block_info() -> {'id': '000000000019d6689c085ae165831e934ff763ae46a2a6c172b3f1b60a8ce26f', 'height': 0, 'version': 1, 'timestamp': 1231006505, 'tx_count': 1, 'size': 285, 'weight': 1140, 'merkle_root': '4a5e1e4baab89f3a32518a88c31bc87f618f76673e2cc77ab2127b7afdeda33b', 'previousblockhash': None, 'mediantime': 1231006505, 'nonce': 2083236893, 'bits': 486604799, 'difficulty': 1}
root [DEBUG] (mempoolspace.py @ 74) query_mempool_blocktime(height=764336)
root [DEBUG] (mempoolspace.py @ 9) query_mempool_bitcoin_getblockhash(height=764336)
urllib3.connectionpool [DEBUG] (connectionpool.py @ 1003) Starting new HTTPS connection (1): mempool.space:443
urllib3.connectionpool [DEBUG] (connectionpool.py @ 456) https://mempool.space:443 "GET /api/block-height/764336 HTTP/1.1" 200 64
root [DEBUG] (mempoolspace.py @ 14) response.status_code=200
root [DEBUG] (mempoolspace.py @ 25) query_mempool_bitcoin_getblockhash() -> 000000000000000000074defc6f609426f86f7e2bbd06127c199dfbe1893de87
root [DEBUG] (mempoolspace.py @ 49) query_mempool_block_info(hash='000000000000000000074defc6f609426f86f7e2bbd06127c199dfbe1893de87')
urllib3.connectionpool [DEBUG] (connectionpool.py @ 1003) Starting new HTTPS connection (1): mempool.space:443
urllib3.connectionpool [DEBUG] (connectionpool.py @ 1003) Starting new HTTPS connection (1): api.coinbase.com:443
urllib3.connectionpool [DEBUG] (connectionpool.py @ 456) https://api.coinbase.com:443 "GET /v2/prices/spot?currency=USD HTTP/1.1" 200 None
root [DEBUG] (coinbase.py @ 27) query_bitcoin_spot_price() -> 16175.58
root [DEBUG] (mempoolspace.py @ 30) query_mempool_blockcount()
urllib3.connectionpool [DEBUG] (connectionpool.py @ 1003) Starting new HTTPS connection (1): mempool.space:443
urllib3.connectionpool [DEBUG] (connectionpool.py @ 456) https://mempool.space:443 "GET /api/block/000000000000000000074defc6f609426f86f7e2bbd06127c199dfbe1893de87 HTTP/1.1" 200 435
root [DEBUG] (mempoolspace.py @ 53) response.status_code=200; {"id":"000000000000000000074defc6f609426f86f7e2bbd06127c199dfbe1893de87","height":764336,"version":664797184,"timestamp":1669164304,"tx_count":1760,"size":1844398,"weight":3993388,"merkle_root":"7cdde29c73ece7f0cd85a2c809aacd315c0ac6603c223fc4ace5d239e86c71ce","previousblockhash":"0000000000000000000084700ea52f538762db002ee4b510f5f8532f61d67adc","mediantime":1669163028,"nonce":491558491,"bits":386375189,"difficulty":36950494067222}
root [DEBUG] (mempoolspace.py @ 69) query_mempool_block_info() -> {'id': '000000000000000000074defc6f609426f86f7e2bbd06127c199dfbe1893de87', 'height': 764336, 'version': 664797184, 'timestamp': 1669164304, 'tx_count': 1760, 'size': 1844398, 'weight': 3993388, 'merkle_root': '7cdde29c73ece7f0cd85a2c809aacd315c0ac6603c223fc4ace5d239e86c71ce', 'previousblockhash': '0000000000000000000084700ea52f538762db002ee4b510f5f8532f61d67adc', 'mediantime': 1669163028, 'nonce': 491558491, 'bits': 386375189, 'difficulty': 36950494067222}
urllib3.connectionpool [DEBUG] (connectionpool.py @ 456) https://mempool.space:443 "GET /api/blocks/tip/height HTTP/1.1" 200 6
root [DEBUG] (mempoolspace.py @ 34) response.status_code=200
root [DEBUG] (mempoolspace.py @ 44) query_mempool_blockcount() -> 764336
root [DEBUG] (mempoolspace.py @ 74) query_mempool_blocktime(height=0)
root [DEBUG] (mempoolspace.py @ 9) query_mempool_bitcoin_getblockhash(height=0)
urllib3.connectionpool [DEBUG] (connectionpool.py @ 1003) Starting new HTTPS connection (1): mempool.space:443
urllib3.connectionpool [DEBUG] (connectionpool.py @ 456) https://mempool.space:443 "GET /api/block-height/0 HTTP/1.1" 200 64
root [DEBUG] (mempoolspace.py @ 14) response.status_code=200
root [DEBUG] (mempoolspace.py @ 25) query_mempool_bitcoin_getblockhash() -> 000000000019d6689c085ae165831e934ff763ae46a2a6c172b3f1b60a8ce26f
root [DEBUG] (mempoolspace.py @ 49) query_mempool_block_info(hash='000000000019d6689c085ae165831e934ff763ae46a2a6c172b3f1b60a8ce26f')
urllib3.connectionpool [DEBUG] (connectionpool.py @ 1003) Starting new HTTPS connection (1): mempool.space:443
urllib3.connectionpool [DEBUG] (connectionpool.py @ 456) https://mempool.space:443 "GET /api/block/000000000019d6689c085ae165831e934ff763ae46a2a6c172b3f1b60a8ce26f HTTP/1.1" 200 338
root [DEBUG] (mempoolspace.py @ 53) response.status_code=200; {"id":"000000000019d6689c085ae165831e934ff763ae46a2a6c172b3f1b60a8ce26f","height":0,"version":1,"timestamp":1231006505,"tx_count":1,"size":285,"weight":1140,"merkle_root":"4a5e1e4baab89f3a32518a88c31bc87f618f76673e2cc77ab2127b7afdeda33b","previousblockhash":null,"mediantime":1231006505,"nonce":2083236893,"bits":486604799,"difficulty":1}
root [DEBUG] (mempoolspace.py @ 69) query_mempool_block_info() -> {'id': '000000000019d6689c085ae165831e934ff763ae46a2a6c172b3f1b60a8ce26f', 'height': 0, 'version': 1, 'timestamp': 1231006505, 'tx_count': 1, 'size': 285, 'weight': 1140, 'merkle_root': '4a5e1e4baab89f3a32518a88c31bc87f618f76673e2cc77ab2127b7afdeda33b', 'previousblockhash': None, 'mediantime': 1231006505, 'nonce': 2083236893, 'bits': 486604799, 'difficulty': 1}
root [DEBUG] (mempoolspace.py @ 74) query_mempool_blocktime(height=764336)
root [DEBUG] (mempoolspace.py @ 9) query_mempool_bitcoin_getblockhash(height=764336)
urllib3.connectionpool [DEBUG] (connectionpool.py @ 1003) Starting new HTTPS connection (1): mempool.space:443
urllib3.connectionpool [DEBUG] (connectionpool.py @ 456) https://mempool.space:443 "GET /api/block-height/764336 HTTP/1.1" 200 64
root [DEBUG] (mempoolspace.py @ 14) response.status_code=200
root [DEBUG] (mempoolspace.py @ 25) query_mempool_bitcoin_getblockhash() -> 000000000000000000074defc6f609426f86f7e2bbd06127c199dfbe1893de87
root [DEBUG] (mempoolspace.py @ 49) query_mempool_block_info(hash='000000000000000000074defc6f609426f86f7e2bbd06127c199dfbe1893de87')
urllib3.connectionpool [DEBUG] (connectionpool.py @ 1003) Starting new HTTPS connection (1): mempool.space:443
urllib3.connectionpool [DEBUG] (connectionpool.py @ 456) https://mempool.space:443 "GET /api/block/000000000000000000074defc6f609426f86f7e2bbd06127c199dfbe1893de87 HTTP/1.1" 200 435
root [DEBUG] (mempoolspace.py @ 53) response.status_code=200; {"id":"000000000000000000074defc6f609426f86f7e2bbd06127c199dfbe1893de87","height":764336,"version":664797184,"timestamp":1669164304,"tx_count":1760,"size":1844398,"weight":3993388,"merkle_root":"7cdde29c73ece7f0cd85a2c809aacd315c0ac6603c223fc4ace5d239e86c71ce","previousblockhash":"0000000000000000000084700ea52f538762db002ee4b510f5f8532f61d67adc","mediantime":1669163028,"nonce":491558491,"bits":386375189,"difficulty":36950494067222}
root [DEBUG] (mempoolspace.py @ 69) query_mempool_block_info() -> {'id': '000000000000000000074defc6f609426f86f7e2bbd06127c199dfbe1893de87', 'height': 764336, 'version': 664797184, 'timestamp': 1669164304, 'tx_count': 1760, 'size': 1844398, 'weight': 3993388, 'merkle_root': '7cdde29c73ece7f0cd85a2c809aacd315c0ac6603c223fc4ace5d239e86c71ce', 'previousblockhash': '0000000000000000000084700ea52f538762db002ee4b510f5f8532f61d67adc', 'mediantime': 1669163028, 'nonce': 491558491, 'bits': 386375189, 'difficulty': 36950494067222}
root [INFO] (__main__.py @ 37) DEBUG MODE: True
root [DEBUG] (__main__.py @ 38) arguments: ['/Users/micah/Downloads/start9/plebtools/src/__main__.py']
root [WARNING] (__main__.py @ 41) hello... is this going to be in the docker logs?
asyncio [DEBUG] (selector_events.py @ 54) Using selector: KqueueSelector
pywebio.platform.tornado [INFO] (tornado.py @ 184) Try open http://0.0.0.0:8080 in web browser
pywebio.session.threadbased [DEBUG] (threadbased.py @ 239) Callback thread start
pywebio.platform.adaptor.http [DEBUG] (http.py @ 131) removing expired sessions
urllib3.connectionpool [DEBUG] (connectionpool.py @ 1003) Starting new HTTPS connection (1): api.coinbase.com:443
urllib3.connectionpool [DEBUG] (connectionpool.py @ 456) https://api.coinbase.com:443 "GET /v2/prices/spot?currency=USD HTTP/1.1" 200 None
root [DEBUG] (coinbase.py @ 27) query_bitcoin_spot_price() -> 16170.41
root [DEBUG] (mempoolspace.py @ 30) query_mempool_blockcount()
urllib3.connectionpool [DEBUG] (connectionpool.py @ 1003) Starting new HTTPS connection (1): mempool.space:443
urllib3.connectionpool [DEBUG] (connectionpool.py @ 456) https://mempool.space:443 "GET /api/blocks/tip/height HTTP/1.1" 200 6
root [DEBUG] (mempoolspace.py @ 34) response.status_code=200
root [DEBUG] (mempoolspace.py @ 44) query_mempool_blockcount() -> 764336
root [DEBUG] (mempoolspace.py @ 74) query_mempool_blocktime(height=0)
root [DEBUG] (mempoolspace.py @ 9) query_mempool_bitcoin_getblockhash(height=0)
urllib3.connectionpool [DEBUG] (connectionpool.py @ 1003) Starting new HTTPS connection (1): mempool.space:443
urllib3.connectionpool [DEBUG] (connectionpool.py @ 456) https://mempool.space:443 "GET /api/block-height/0 HTTP/1.1" 200 64
root [DEBUG] (mempoolspace.py @ 14) response.status_code=200
root [DEBUG] (mempoolspace.py @ 25) query_mempool_bitcoin_getblockhash() -> 000000000019d6689c085ae165831e934ff763ae46a2a6c172b3f1b60a8ce26f
root [DEBUG] (mempoolspace.py @ 49) query_mempool_block_info(hash='000000000019d6689c085ae165831e934ff763ae46a2a6c172b3f1b60a8ce26f')
urllib3.connectionpool [DEBUG] (connectionpool.py @ 1003) Starting new HTTPS connection (1): mempool.space:443
urllib3.connectionpool [DEBUG] (connectionpool.py @ 456) https://mempool.space:443 "GET /api/block/000000000019d6689c085ae165831e934ff763ae46a2a6c172b3f1b60a8ce26f HTTP/1.1" 200 338
root [DEBUG] (mempoolspace.py @ 53) response.status_code=200; {"id":"000000000019d6689c085ae165831e934ff763ae46a2a6c172b3f1b60a8ce26f","height":0,"version":1,"timestamp":1231006505,"tx_count":1,"size":285,"weight":1140,"merkle_root":"4a5e1e4baab89f3a32518a88c31bc87f618f76673e2cc77ab2127b7afdeda33b","previousblockhash":null,"mediantime":1231006505,"nonce":2083236893,"bits":486604799,"difficulty":1}
root [DEBUG] (mempoolspace.py @ 69) query_mempool_block_info() -> {'id': '000000000019d6689c085ae165831e934ff763ae46a2a6c172b3f1b60a8ce26f', 'height': 0, 'version': 1, 'timestamp': 1231006505, 'tx_count': 1, 'size': 285, 'weight': 1140, 'merkle_root': '4a5e1e4baab89f3a32518a88c31bc87f618f76673e2cc77ab2127b7afdeda33b', 'previousblockhash': None, 'mediantime': 1231006505, 'nonce': 2083236893, 'bits': 486604799, 'difficulty': 1}
root [DEBUG] (mempoolspace.py @ 74) query_mempool_blocktime(height=764336)
root [DEBUG] (mempoolspace.py @ 9) query_mempool_bitcoin_getblockhash(height=764336)
urllib3.connectionpool [DEBUG] (connectionpool.py @ 1003) Starting new HTTPS connection (1): mempool.space:443
urllib3.connectionpool [DEBUG] (connectionpool.py @ 456) https://mempool.space:443 "GET /api/block-height/764336 HTTP/1.1" 200 64
root [DEBUG] (mempoolspace.py @ 14) response.status_code=200
root [DEBUG] (mempoolspace.py @ 25) query_mempool_bitcoin_getblockhash() -> 000000000000000000074defc6f609426f86f7e2bbd06127c199dfbe1893de87
root [DEBUG] (mempoolspace.py @ 49) query_mempool_block_info(hash='000000000000000000074defc6f609426f86f7e2bbd06127c199dfbe1893de87')
urllib3.connectionpool [DEBUG] (connectionpool.py @ 1003) Starting new HTTPS connection (1): mempool.space:443
urllib3.connectionpool [DEBUG] (connectionpool.py @ 456) https://mempool.space:443 "GET /api/block/000000000000000000074defc6f609426f86f7e2bbd06127c199dfbe1893de87 HTTP/1.1" 200 435
root [DEBUG] (mempoolspace.py @ 53) response.status_code=200; {"id":"000000000000000000074defc6f609426f86f7e2bbd06127c199dfbe1893de87","height":764336,"version":664797184,"timestamp":1669164304,"tx_count":1760,"size":1844398,"weight":3993388,"merkle_root":"7cdde29c73ece7f0cd85a2c809aacd315c0ac6603c223fc4ace5d239e86c71ce","previousblockhash":"0000000000000000000084700ea52f538762db002ee4b510f5f8532f61d67adc","mediantime":1669163028,"nonce":491558491,"bits":386375189,"difficulty":36950494067222}
root [DEBUG] (mempoolspace.py @ 69) query_mempool_block_info() -> {'id': '000000000000000000074defc6f609426f86f7e2bbd06127c199dfbe1893de87', 'height': 764336, 'version': 664797184, 'timestamp': 1669164304, 'tx_count': 1760, 'size': 1844398, 'weight': 3993388, 'merkle_root': '7cdde29c73ece7f0cd85a2c809aacd315c0ac6603c223fc4ace5d239e86c71ce', 'previousblockhash': '0000000000000000000084700ea52f538762db002ee4b510f5f8532f61d67adc', 'mediantime': 1669163028, 'nonce': 491558491, 'bits': 386375189, 'difficulty': 36950494067222}
tornado.general [INFO] (autoreload.py @ 200) /Users/micah/Downloads/start9/plebtools/src/__main__.py modified; restarting server
root [INFO] (__main__.py @ 37) DEBUG MODE: True
root [DEBUG] (__main__.py @ 38) arguments: ['/Users/micah/Downloads/start9/plebtools/src/__main__.py']
root [WARNING] (__main__.py @ 41) hello... is this going to be in the docker logs?
asyncio [DEBUG] (selector_events.py @ 54) Using selector: KqueueSelector
pywebio.platform.tornado [INFO] (tornado.py @ 184) Try open http://0.0.0.0:8080 in web browser
pywebio.session.threadbased [DEBUG] (threadbased.py @ 239) Callback thread start
pywebio.platform.adaptor.http [DEBUG] (http.py @ 131) removing expired sessions
root [INFO] (__main__.py @ 33) DEBUG MODE: True
root [DEBUG] (__main__.py @ 34) arguments: ['/Users/micah/Downloads/start9/plebtools/src/__main__.py']
root [WARNING] (__main__.py @ 37) hello... is this going to be in the docker logs?
root [INFO] (__main__.py @ 34) DEBUG MODE: True
root [DEBUG] (__main__.py @ 35) arguments: ['/Users/micah/Downloads/start9/plebtools/src/__main__.py']
root [WARNING] (__main__.py @ 38) hello... is this going to be in the docker logs?
asyncio [DEBUG] (selector_events.py @ 54) Using selector: KqueueSelector
pywebio.platform.tornado [INFO] (tornado.py @ 184) Try open http://0.0.0.0:8080 in web browser
pywebio.session.threadbased [DEBUG] (threadbased.py @ 239) Callback thread start
pywebio.platform.adaptor.http [DEBUG] (http.py @ 131) removing expired sessions
urllib3.connectionpool [DEBUG] (connectionpool.py @ 1003) Starting new HTTPS connection (1): api.coinbase.com:443
urllib3.connectionpool [DEBUG] (connectionpool.py @ 456) https://api.coinbase.com:443 "GET /v2/prices/spot?currency=USD HTTP/1.1" 200 None
root [DEBUG] (coinbase.py @ 27) query_bitcoin_spot_price() -> 16153.11
root [DEBUG] (mempoolspace.py @ 30) query_mempool_blockcount()
urllib3.connectionpool [DEBUG] (connectionpool.py @ 1003) Starting new HTTPS connection (1): mempool.space:443
urllib3.connectionpool [DEBUG] (connectionpool.py @ 456) https://mempool.space:443 "GET /api/blocks/tip/height HTTP/1.1" 200 6
root [DEBUG] (mempoolspace.py @ 34) response.status_code=200
root [DEBUG] (mempoolspace.py @ 44) query_mempool_blockcount() -> 764337
root [DEBUG] (mempoolspace.py @ 74) query_mempool_blocktime(height=0)
root [DEBUG] (mempoolspace.py @ 9) query_mempool_bitcoin_getblockhash(height=0)
urllib3.connectionpool [DEBUG] (connectionpool.py @ 1003) Starting new HTTPS connection (1): mempool.space:443
urllib3.connectionpool [DEBUG] (connectionpool.py @ 456) https://mempool.space:443 "GET /api/block-height/0 HTTP/1.1" 200 64
root [DEBUG] (mempoolspace.py @ 14) response.status_code=200
root [DEBUG] (mempoolspace.py @ 25) query_mempool_bitcoin_getblockhash() -> 000000000019d6689c085ae165831e934ff763ae46a2a6c172b3f1b60a8ce26f
root [DEBUG] (mempoolspace.py @ 49) query_mempool_block_info(hash='000000000019d6689c085ae165831e934ff763ae46a2a6c172b3f1b60a8ce26f')
urllib3.connectionpool [DEBUG] (connectionpool.py @ 1003) Starting new HTTPS connection (1): mempool.space:443
pywebio.session.base [ERROR] (base.py @ 137) Error
Traceback (most recent call last):
  File "/Users/micah/Downloads/start9/plebtools/venv/lib/python3.10/site-packages/pywebio/session/threadbased.py", line 257, in run
    callback(event['data'])
  File "/Users/micah/Downloads/start9/plebtools/venv/lib/python3.10/site-packages/pywebio/output.py", line 805, in click_callback
    return onclick[btn_idx]()
TypeError: main_page() missing 1 required positional argument: 'menu_callback'
urllib3.connectionpool [DEBUG] (connectionpool.py @ 456) https://mempool.space:443 "GET /api/block/000000000019d6689c085ae165831e934ff763ae46a2a6c172b3f1b60a8ce26f HTTP/1.1" 200 338
root [DEBUG] (mempoolspace.py @ 53) response.status_code=200; {"id":"000000000019d6689c085ae165831e934ff763ae46a2a6c172b3f1b60a8ce26f","height":0,"version":1,"timestamp":1231006505,"tx_count":1,"size":285,"weight":1140,"merkle_root":"4a5e1e4baab89f3a32518a88c31bc87f618f76673e2cc77ab2127b7afdeda33b","previousblockhash":null,"mediantime":1231006505,"nonce":2083236893,"bits":486604799,"difficulty":1}
root [DEBUG] (mempoolspace.py @ 69) query_mempool_block_info() -> {'id': '000000000019d6689c085ae165831e934ff763ae46a2a6c172b3f1b60a8ce26f', 'height': 0, 'version': 1, 'timestamp': 1231006505, 'tx_count': 1, 'size': 285, 'weight': 1140, 'merkle_root': '4a5e1e4baab89f3a32518a88c31bc87f618f76673e2cc77ab2127b7afdeda33b', 'previousblockhash': None, 'mediantime': 1231006505, 'nonce': 2083236893, 'bits': 486604799, 'difficulty': 1}
root [DEBUG] (mempoolspace.py @ 74) query_mempool_blocktime(height=764337)
root [DEBUG] (mempoolspace.py @ 9) query_mempool_bitcoin_getblockhash(height=764337)
urllib3.connectionpool [DEBUG] (connectionpool.py @ 1003) Starting new HTTPS connection (1): mempool.space:443
urllib3.connectionpool [DEBUG] (connectionpool.py @ 456) https://mempool.space:443 "GET /api/block-height/764337 HTTP/1.1" 200 64
root [DEBUG] (mempoolspace.py @ 14) response.status_code=200
root [DEBUG] (mempoolspace.py @ 25) query_mempool_bitcoin_getblockhash() -> 0000000000000000000009c9d30ea797322c70fdd849f2a091275715f6a6f8aa
root [DEBUG] (mempoolspace.py @ 49) query_mempool_block_info(hash='0000000000000000000009c9d30ea797322c70fdd849f2a091275715f6a6f8aa')
urllib3.connectionpool [DEBUG] (connectionpool.py @ 1003) Starting new HTTPS connection (1): mempool.space:443
urllib3.connectionpool [DEBUG] (connectionpool.py @ 456) https://mempool.space:443 "GET /api/block/0000000000000000000009c9d30ea797322c70fdd849f2a091275715f6a6f8aa HTTP/1.1" 200 436
root [DEBUG] (mempoolspace.py @ 53) response.status_code=200; {"id":"0000000000000000000009c9d30ea797322c70fdd849f2a091275715f6a6f8aa","height":764337,"version":549453824,"timestamp":1669165135,"tx_count":2006,"size":1412681,"weight":3993194,"merkle_root":"92114b0986a1068c8415ee7b253e6303a2257d6a2368261a8f8502be825a952a","previousblockhash":"000000000000000000074defc6f609426f86f7e2bbd06127c199dfbe1893de87","mediantime":1669163756,"nonce":3424406953,"bits":386375189,"difficulty":36950494067222}
root [DEBUG] (mempoolspace.py @ 69) query_mempool_block_info() -> {'id': '0000000000000000000009c9d30ea797322c70fdd849f2a091275715f6a6f8aa', 'height': 764337, 'version': 549453824, 'timestamp': 1669165135, 'tx_count': 2006, 'size': 1412681, 'weight': 3993194, 'merkle_root': '92114b0986a1068c8415ee7b253e6303a2257d6a2368261a8f8502be825a952a', 'previousblockhash': '000000000000000000074defc6f609426f86f7e2bbd06127c199dfbe1893de87', 'mediantime': 1669163756, 'nonce': 3424406953, 'bits': 386375189, 'difficulty': 36950494067222}
root [INFO] (__main__.py @ 34) DEBUG MODE: True
root [DEBUG] (__main__.py @ 35) arguments: ['/Users/micah/Downloads/start9/plebtools/src/__main__.py']
root [WARNING] (__main__.py @ 38) hello... is this going to be in the docker logs?
asyncio [DEBUG] (selector_events.py @ 54) Using selector: KqueueSelector
pywebio.platform.tornado [INFO] (tornado.py @ 184) Try open http://0.0.0.0:8080 in web browser
pywebio.session.threadbased [DEBUG] (threadbased.py @ 239) Callback thread start
pywebio.platform.adaptor.http [DEBUG] (http.py @ 131) removing expired sessions
urllib3.connectionpool [DEBUG] (connectionpool.py @ 1003) Starting new HTTPS connection (1): api.coinbase.com:443
urllib3.connectionpool [DEBUG] (connectionpool.py @ 456) https://api.coinbase.com:443 "GET /v2/prices/spot?currency=USD HTTP/1.1" 200 None
root [DEBUG] (coinbase.py @ 27) query_bitcoin_spot_price() -> 16151.53
root [DEBUG] (mempoolspace.py @ 30) query_mempool_blockcount()
urllib3.connectionpool [DEBUG] (connectionpool.py @ 1003) Starting new HTTPS connection (1): mempool.space:443
urllib3.connectionpool [DEBUG] (connectionpool.py @ 456) https://mempool.space:443 "GET /api/blocks/tip/height HTTP/1.1" 200 6
root [DEBUG] (mempoolspace.py @ 34) response.status_code=200
root [DEBUG] (mempoolspace.py @ 44) query_mempool_blockcount() -> 764337
root [DEBUG] (mempoolspace.py @ 74) query_mempool_blocktime(height=0)
root [DEBUG] (mempoolspace.py @ 9) query_mempool_bitcoin_getblockhash(height=0)
urllib3.connectionpool [DEBUG] (connectionpool.py @ 1003) Starting new HTTPS connection (1): mempool.space:443
urllib3.connectionpool [DEBUG] (connectionpool.py @ 456) https://mempool.space:443 "GET /api/block-height/0 HTTP/1.1" 200 64
root [DEBUG] (mempoolspace.py @ 14) response.status_code=200
root [DEBUG] (mempoolspace.py @ 25) query_mempool_bitcoin_getblockhash() -> 000000000019d6689c085ae165831e934ff763ae46a2a6c172b3f1b60a8ce26f
root [DEBUG] (mempoolspace.py @ 49) query_mempool_block_info(hash='000000000019d6689c085ae165831e934ff763ae46a2a6c172b3f1b60a8ce26f')
urllib3.connectionpool [DEBUG] (connectionpool.py @ 1003) Starting new HTTPS connection (1): mempool.space:443
urllib3.connectionpool [DEBUG] (connectionpool.py @ 456) https://mempool.space:443 "GET /api/block/000000000019d6689c085ae165831e934ff763ae46a2a6c172b3f1b60a8ce26f HTTP/1.1" 200 338
root [DEBUG] (mempoolspace.py @ 53) response.status_code=200; {"id":"000000000019d6689c085ae165831e934ff763ae46a2a6c172b3f1b60a8ce26f","height":0,"version":1,"timestamp":1231006505,"tx_count":1,"size":285,"weight":1140,"merkle_root":"4a5e1e4baab89f3a32518a88c31bc87f618f76673e2cc77ab2127b7afdeda33b","previousblockhash":null,"mediantime":1231006505,"nonce":2083236893,"bits":486604799,"difficulty":1}
root [DEBUG] (mempoolspace.py @ 69) query_mempool_block_info() -> {'id': '000000000019d6689c085ae165831e934ff763ae46a2a6c172b3f1b60a8ce26f', 'height': 0, 'version': 1, 'timestamp': 1231006505, 'tx_count': 1, 'size': 285, 'weight': 1140, 'merkle_root': '4a5e1e4baab89f3a32518a88c31bc87f618f76673e2cc77ab2127b7afdeda33b', 'previousblockhash': None, 'mediantime': 1231006505, 'nonce': 2083236893, 'bits': 486604799, 'difficulty': 1}
root [DEBUG] (mempoolspace.py @ 74) query_mempool_blocktime(height=764337)
root [DEBUG] (mempoolspace.py @ 9) query_mempool_bitcoin_getblockhash(height=764337)
urllib3.connectionpool [DEBUG] (connectionpool.py @ 1003) Starting new HTTPS connection (1): mempool.space:443
urllib3.connectionpool [DEBUG] (connectionpool.py @ 456) https://mempool.space:443 "GET /api/block-height/764337 HTTP/1.1" 200 64
root [DEBUG] (mempoolspace.py @ 14) response.status_code=200
root [DEBUG] (mempoolspace.py @ 25) query_mempool_bitcoin_getblockhash() -> 0000000000000000000009c9d30ea797322c70fdd849f2a091275715f6a6f8aa
root [DEBUG] (mempoolspace.py @ 49) query_mempool_block_info(hash='0000000000000000000009c9d30ea797322c70fdd849f2a091275715f6a6f8aa')
urllib3.connectionpool [DEBUG] (connectionpool.py @ 1003) Starting new HTTPS connection (1): mempool.space:443
urllib3.connectionpool [DEBUG] (connectionpool.py @ 456) https://mempool.space:443 "GET /api/block/0000000000000000000009c9d30ea797322c70fdd849f2a091275715f6a6f8aa HTTP/1.1" 200 436
root [DEBUG] (mempoolspace.py @ 53) response.status_code=200; {"id":"0000000000000000000009c9d30ea797322c70fdd849f2a091275715f6a6f8aa","height":764337,"version":549453824,"timestamp":1669165135,"tx_count":2006,"size":1412681,"weight":3993194,"merkle_root":"92114b0986a1068c8415ee7b253e6303a2257d6a2368261a8f8502be825a952a","previousblockhash":"000000000000000000074defc6f609426f86f7e2bbd06127c199dfbe1893de87","mediantime":1669163756,"nonce":3424406953,"bits":386375189,"difficulty":36950494067222}
root [DEBUG] (mempoolspace.py @ 69) query_mempool_block_info() -> {'id': '0000000000000000000009c9d30ea797322c70fdd849f2a091275715f6a6f8aa', 'height': 764337, 'version': 549453824, 'timestamp': 1669165135, 'tx_count': 2006, 'size': 1412681, 'weight': 3993194, 'merkle_root': '92114b0986a1068c8415ee7b253e6303a2257d6a2368261a8f8502be825a952a', 'previousblockhash': '000000000000000000074defc6f609426f86f7e2bbd06127c199dfbe1893de87', 'mediantime': 1669163756, 'nonce': 3424406953, 'bits': 386375189, 'difficulty': 36950494067222}
root [INFO] (__main__.py @ 34) DEBUG MODE: True
root [DEBUG] (__main__.py @ 35) arguments: ['/Users/micah/Downloads/start9/plebtools/src/__main__.py']
root [WARNING] (__main__.py @ 38) hello... is this going to be in the docker logs?
asyncio [DEBUG] (selector_events.py @ 54) Using selector: KqueueSelector
pywebio.platform.tornado [INFO] (tornado.py @ 184) Try open http://0.0.0.0:8080 in web browser
pywebio.session.threadbased [DEBUG] (threadbased.py @ 239) Callback thread start
pywebio.platform.adaptor.http [DEBUG] (http.py @ 131) removing expired sessions
urllib3.connectionpool [DEBUG] (connectionpool.py @ 1003) Starting new HTTPS connection (1): api.coinbase.com:443
urllib3.connectionpool [DEBUG] (connectionpool.py @ 456) https://api.coinbase.com:443 "GET /v2/prices/spot?currency=USD HTTP/1.1" 200 None
root [DEBUG] (coinbase.py @ 27) query_bitcoin_spot_price() -> 16163.99
root [DEBUG] (mempoolspace.py @ 30) query_mempool_blockcount()
urllib3.connectionpool [DEBUG] (connectionpool.py @ 1003) Starting new HTTPS connection (1): mempool.space:443
urllib3.connectionpool [DEBUG] (connectionpool.py @ 456) https://mempool.space:443 "GET /api/blocks/tip/height HTTP/1.1" 200 6
root [DEBUG] (mempoolspace.py @ 34) response.status_code=200
root [DEBUG] (mempoolspace.py @ 44) query_mempool_blockcount() -> 764338
root [DEBUG] (mempoolspace.py @ 74) query_mempool_blocktime(height=0)
root [DEBUG] (mempoolspace.py @ 9) query_mempool_bitcoin_getblockhash(height=0)
urllib3.connectionpool [DEBUG] (connectionpool.py @ 1003) Starting new HTTPS connection (1): mempool.space:443
urllib3.connectionpool [DEBUG] (connectionpool.py @ 456) https://mempool.space:443 "GET /api/block-height/0 HTTP/1.1" 200 64
root [DEBUG] (mempoolspace.py @ 14) response.status_code=200
root [DEBUG] (mempoolspace.py @ 25) query_mempool_bitcoin_getblockhash() -> 000000000019d6689c085ae165831e934ff763ae46a2a6c172b3f1b60a8ce26f
root [DEBUG] (mempoolspace.py @ 49) query_mempool_block_info(hash='000000000019d6689c085ae165831e934ff763ae46a2a6c172b3f1b60a8ce26f')
urllib3.connectionpool [DEBUG] (connectionpool.py @ 1003) Starting new HTTPS connection (1): mempool.space:443
urllib3.connectionpool [DEBUG] (connectionpool.py @ 456) https://mempool.space:443 "GET /api/block/000000000019d6689c085ae165831e934ff763ae46a2a6c172b3f1b60a8ce26f HTTP/1.1" 200 338
root [DEBUG] (mempoolspace.py @ 53) response.status_code=200; {"id":"000000000019d6689c085ae165831e934ff763ae46a2a6c172b3f1b60a8ce26f","height":0,"version":1,"timestamp":1231006505,"tx_count":1,"size":285,"weight":1140,"merkle_root":"4a5e1e4baab89f3a32518a88c31bc87f618f76673e2cc77ab2127b7afdeda33b","previousblockhash":null,"mediantime":1231006505,"nonce":2083236893,"bits":486604799,"difficulty":1}
root [DEBUG] (mempoolspace.py @ 69) query_mempool_block_info() -> {'id': '000000000019d6689c085ae165831e934ff763ae46a2a6c172b3f1b60a8ce26f', 'height': 0, 'version': 1, 'timestamp': 1231006505, 'tx_count': 1, 'size': 285, 'weight': 1140, 'merkle_root': '4a5e1e4baab89f3a32518a88c31bc87f618f76673e2cc77ab2127b7afdeda33b', 'previousblockhash': None, 'mediantime': 1231006505, 'nonce': 2083236893, 'bits': 486604799, 'difficulty': 1}
root [DEBUG] (mempoolspace.py @ 74) query_mempool_blocktime(height=764338)
root [DEBUG] (mempoolspace.py @ 9) query_mempool_bitcoin_getblockhash(height=764338)
urllib3.connectionpool [DEBUG] (connectionpool.py @ 1003) Starting new HTTPS connection (1): mempool.space:443
urllib3.connectionpool [DEBUG] (connectionpool.py @ 456) https://mempool.space:443 "GET /api/block-height/764338 HTTP/1.1" 200 64
root [DEBUG] (mempoolspace.py @ 14) response.status_code=200
root [DEBUG] (mempoolspace.py @ 25) query_mempool_bitcoin_getblockhash() -> 000000000000000000046710a408d8da55aba52b800650bd67f4b14342b7073f
root [DEBUG] (mempoolspace.py @ 49) query_mempool_block_info(hash='000000000000000000046710a408d8da55aba52b800650bd67f4b14342b7073f')
urllib3.connectionpool [DEBUG] (connectionpool.py @ 1003) Starting new HTTPS connection (1): mempool.space:443
urllib3.connectionpool [DEBUG] (connectionpool.py @ 456) https://mempool.space:443 "GET /api/block/000000000000000000046710a408d8da55aba52b800650bd67f4b14342b7073f HTTP/1.1" 200 436
root [DEBUG] (mempoolspace.py @ 53) response.status_code=200; {"id":"000000000000000000046710a408d8da55aba52b800650bd67f4b14342b7073f","height":764338,"version":717234176,"timestamp":1669165863,"tx_count":1976,"size":1581459,"weight":3993018,"merkle_root":"2f16c47c116133d6b070d333446819ff2bcbe69a14d676c1f410ea5c33109584","previousblockhash":"0000000000000000000009c9d30ea797322c70fdd849f2a091275715f6a6f8aa","mediantime":1669163758,"nonce":2006653566,"bits":386375189,"difficulty":36950494067222}
root [DEBUG] (mempoolspace.py @ 69) query_mempool_block_info() -> {'id': '000000000000000000046710a408d8da55aba52b800650bd67f4b14342b7073f', 'height': 764338, 'version': 717234176, 'timestamp': 1669165863, 'tx_count': 1976, 'size': 1581459, 'weight': 3993018, 'merkle_root': '2f16c47c116133d6b070d333446819ff2bcbe69a14d676c1f410ea5c33109584', 'previousblockhash': '0000000000000000000009c9d30ea797322c70fdd849f2a091275715f6a6f8aa', 'mediantime': 1669163758, 'nonce': 2006653566, 'bits': 386375189, 'difficulty': 36950494067222}
urllib3.connectionpool [DEBUG] (connectionpool.py @ 1003) Starting new HTTPS connection (1): api.coinbase.com:443
urllib3.connectionpool [DEBUG] (connectionpool.py @ 456) https://api.coinbase.com:443 "GET /v2/prices/spot?currency=USD HTTP/1.1" 200 None
root [DEBUG] (coinbase.py @ 27) query_bitcoin_spot_price() -> 16163.99
root [DEBUG] (mempoolspace.py @ 30) query_mempool_blockcount()
urllib3.connectionpool [DEBUG] (connectionpool.py @ 1003) Starting new HTTPS connection (1): mempool.space:443
urllib3.connectionpool [DEBUG] (connectionpool.py @ 456) https://mempool.space:443 "GET /api/blocks/tip/height HTTP/1.1" 200 6
root [DEBUG] (mempoolspace.py @ 34) response.status_code=200
root [DEBUG] (mempoolspace.py @ 44) query_mempool_blockcount() -> 764338
root [DEBUG] (mempoolspace.py @ 74) query_mempool_blocktime(height=0)
root [DEBUG] (mempoolspace.py @ 9) query_mempool_bitcoin_getblockhash(height=0)
urllib3.connectionpool [DEBUG] (connectionpool.py @ 1003) Starting new HTTPS connection (1): mempool.space:443
urllib3.connectionpool [DEBUG] (connectionpool.py @ 456) https://mempool.space:443 "GET /api/block-height/0 HTTP/1.1" 200 64
root [DEBUG] (mempoolspace.py @ 14) response.status_code=200
root [DEBUG] (mempoolspace.py @ 25) query_mempool_bitcoin_getblockhash() -> 000000000019d6689c085ae165831e934ff763ae46a2a6c172b3f1b60a8ce26f
root [DEBUG] (mempoolspace.py @ 49) query_mempool_block_info(hash='000000000019d6689c085ae165831e934ff763ae46a2a6c172b3f1b60a8ce26f')
urllib3.connectionpool [DEBUG] (connectionpool.py @ 1003) Starting new HTTPS connection (1): mempool.space:443
urllib3.connectionpool [DEBUG] (connectionpool.py @ 456) https://mempool.space:443 "GET /api/block/000000000019d6689c085ae165831e934ff763ae46a2a6c172b3f1b60a8ce26f HTTP/1.1" 200 338
root [DEBUG] (mempoolspace.py @ 53) response.status_code=200; {"id":"000000000019d6689c085ae165831e934ff763ae46a2a6c172b3f1b60a8ce26f","height":0,"version":1,"timestamp":1231006505,"tx_count":1,"size":285,"weight":1140,"merkle_root":"4a5e1e4baab89f3a32518a88c31bc87f618f76673e2cc77ab2127b7afdeda33b","previousblockhash":null,"mediantime":1231006505,"nonce":2083236893,"bits":486604799,"difficulty":1}
root [DEBUG] (mempoolspace.py @ 69) query_mempool_block_info() -> {'id': '000000000019d6689c085ae165831e934ff763ae46a2a6c172b3f1b60a8ce26f', 'height': 0, 'version': 1, 'timestamp': 1231006505, 'tx_count': 1, 'size': 285, 'weight': 1140, 'merkle_root': '4a5e1e4baab89f3a32518a88c31bc87f618f76673e2cc77ab2127b7afdeda33b', 'previousblockhash': None, 'mediantime': 1231006505, 'nonce': 2083236893, 'bits': 486604799, 'difficulty': 1}
root [DEBUG] (mempoolspace.py @ 74) query_mempool_blocktime(height=764338)
root [DEBUG] (mempoolspace.py @ 9) query_mempool_bitcoin_getblockhash(height=764338)
urllib3.connectionpool [DEBUG] (connectionpool.py @ 1003) Starting new HTTPS connection (1): mempool.space:443
urllib3.connectionpool [DEBUG] (connectionpool.py @ 456) https://mempool.space:443 "GET /api/block-height/764338 HTTP/1.1" 200 64
root [DEBUG] (mempoolspace.py @ 14) response.status_code=200
root [DEBUG] (mempoolspace.py @ 25) query_mempool_bitcoin_getblockhash() -> 000000000000000000046710a408d8da55aba52b800650bd67f4b14342b7073f
root [DEBUG] (mempoolspace.py @ 49) query_mempool_block_info(hash='000000000000000000046710a408d8da55aba52b800650bd67f4b14342b7073f')
urllib3.connectionpool [DEBUG] (connectionpool.py @ 1003) Starting new HTTPS connection (1): mempool.space:443
urllib3.connectionpool [DEBUG] (connectionpool.py @ 456) https://mempool.space:443 "GET /api/block/000000000000000000046710a408d8da55aba52b800650bd67f4b14342b7073f HTTP/1.1" 200 436
root [DEBUG] (mempoolspace.py @ 53) response.status_code=200; {"id":"000000000000000000046710a408d8da55aba52b800650bd67f4b14342b7073f","height":764338,"version":717234176,"timestamp":1669165863,"tx_count":1976,"size":1581459,"weight":3993018,"merkle_root":"2f16c47c116133d6b070d333446819ff2bcbe69a14d676c1f410ea5c33109584","previousblockhash":"0000000000000000000009c9d30ea797322c70fdd849f2a091275715f6a6f8aa","mediantime":1669163758,"nonce":2006653566,"bits":386375189,"difficulty":36950494067222}
root [DEBUG] (mempoolspace.py @ 69) query_mempool_block_info() -> {'id': '000000000000000000046710a408d8da55aba52b800650bd67f4b14342b7073f', 'height': 764338, 'version': 717234176, 'timestamp': 1669165863, 'tx_count': 1976, 'size': 1581459, 'weight': 3993018, 'merkle_root': '2f16c47c116133d6b070d333446819ff2bcbe69a14d676c1f410ea5c33109584', 'previousblockhash': '0000000000000000000009c9d30ea797322c70fdd849f2a091275715f6a6f8aa', 'mediantime': 1669163758, 'nonce': 2006653566, 'bits': 386375189, 'difficulty': 36950494067222}
tornado.general [INFO] (autoreload.py @ 200) /Users/micah/Downloads/start9/plebtools/src/tool_dashboard/callbacks.py modified; restarting server
root [INFO] (__main__.py @ 34) DEBUG MODE: True
root [DEBUG] (__main__.py @ 35) arguments: ['/Users/micah/Downloads/start9/plebtools/src/__main__.py']
root [WARNING] (__main__.py @ 38) hello... is this going to be in the docker logs?
asyncio [DEBUG] (selector_events.py @ 54) Using selector: KqueueSelector
pywebio.platform.tornado [INFO] (tornado.py @ 184) Try open http://0.0.0.0:8080 in web browser
pywebio.session.threadbased [DEBUG] (threadbased.py @ 239) Callback thread start
pywebio.platform.adaptor.http [DEBUG] (http.py @ 131) removing expired sessions
urllib3.connectionpool [DEBUG] (connectionpool.py @ 1003) Starting new HTTPS connection (1): api.coinbase.com:443
urllib3.connectionpool [DEBUG] (connectionpool.py @ 456) https://api.coinbase.com:443 "GET /v2/prices/spot?currency=USD HTTP/1.1" 200 None
root [DEBUG] (coinbase.py @ 27) query_bitcoin_spot_price() -> 16163.99
root [DEBUG] (mempoolspace.py @ 30) query_mempool_blockcount()
urllib3.connectionpool [DEBUG] (connectionpool.py @ 1003) Starting new HTTPS connection (1): mempool.space:443
urllib3.connectionpool [DEBUG] (connectionpool.py @ 456) https://mempool.space:443 "GET /api/blocks/tip/height HTTP/1.1" 200 6
root [DEBUG] (mempoolspace.py @ 34) response.status_code=200
root [DEBUG] (mempoolspace.py @ 44) query_mempool_blockcount() -> 764338
root [DEBUG] (mempoolspace.py @ 74) query_mempool_blocktime(height=0)
root [DEBUG] (mempoolspace.py @ 9) query_mempool_bitcoin_getblockhash(height=0)
urllib3.connectionpool [DEBUG] (connectionpool.py @ 1003) Starting new HTTPS connection (1): mempool.space:443
urllib3.connectionpool [DEBUG] (connectionpool.py @ 456) https://mempool.space:443 "GET /api/block-height/0 HTTP/1.1" 200 64
root [DEBUG] (mempoolspace.py @ 14) response.status_code=200
root [DEBUG] (mempoolspace.py @ 25) query_mempool_bitcoin_getblockhash() -> 000000000019d6689c085ae165831e934ff763ae46a2a6c172b3f1b60a8ce26f
root [DEBUG] (mempoolspace.py @ 49) query_mempool_block_info(hash='000000000019d6689c085ae165831e934ff763ae46a2a6c172b3f1b60a8ce26f')
urllib3.connectionpool [DEBUG] (connectionpool.py @ 1003) Starting new HTTPS connection (1): mempool.space:443
urllib3.connectionpool [DEBUG] (connectionpool.py @ 456) https://mempool.space:443 "GET /api/block/000000000019d6689c085ae165831e934ff763ae46a2a6c172b3f1b60a8ce26f HTTP/1.1" 200 338
root [DEBUG] (mempoolspace.py @ 53) response.status_code=200; {"id":"000000000019d6689c085ae165831e934ff763ae46a2a6c172b3f1b60a8ce26f","height":0,"version":1,"timestamp":1231006505,"tx_count":1,"size":285,"weight":1140,"merkle_root":"4a5e1e4baab89f3a32518a88c31bc87f618f76673e2cc77ab2127b7afdeda33b","previousblockhash":null,"mediantime":1231006505,"nonce":2083236893,"bits":486604799,"difficulty":1}
root [DEBUG] (mempoolspace.py @ 69) query_mempool_block_info() -> {'id': '000000000019d6689c085ae165831e934ff763ae46a2a6c172b3f1b60a8ce26f', 'height': 0, 'version': 1, 'timestamp': 1231006505, 'tx_count': 1, 'size': 285, 'weight': 1140, 'merkle_root': '4a5e1e4baab89f3a32518a88c31bc87f618f76673e2cc77ab2127b7afdeda33b', 'previousblockhash': None, 'mediantime': 1231006505, 'nonce': 2083236893, 'bits': 486604799, 'difficulty': 1}
root [DEBUG] (mempoolspace.py @ 74) query_mempool_blocktime(height=764338)
root [DEBUG] (mempoolspace.py @ 9) query_mempool_bitcoin_getblockhash(height=764338)
urllib3.connectionpool [DEBUG] (connectionpool.py @ 1003) Starting new HTTPS connection (1): mempool.space:443
urllib3.connectionpool [DEBUG] (connectionpool.py @ 456) https://mempool.space:443 "GET /api/block-height/764338 HTTP/1.1" 200 64
root [DEBUG] (mempoolspace.py @ 14) response.status_code=200
root [DEBUG] (mempoolspace.py @ 25) query_mempool_bitcoin_getblockhash() -> 000000000000000000046710a408d8da55aba52b800650bd67f4b14342b7073f
root [DEBUG] (mempoolspace.py @ 49) query_mempool_block_info(hash='000000000000000000046710a408d8da55aba52b800650bd67f4b14342b7073f')
urllib3.connectionpool [DEBUG] (connectionpool.py @ 1003) Starting new HTTPS connection (1): mempool.space:443
urllib3.connectionpool [DEBUG] (connectionpool.py @ 456) https://mempool.space:443 "GET /api/block/000000000000000000046710a408d8da55aba52b800650bd67f4b14342b7073f HTTP/1.1" 200 436
root [DEBUG] (mempoolspace.py @ 53) response.status_code=200; {"id":"000000000000000000046710a408d8da55aba52b800650bd67f4b14342b7073f","height":764338,"version":717234176,"timestamp":1669165863,"tx_count":1976,"size":1581459,"weight":3993018,"merkle_root":"2f16c47c116133d6b070d333446819ff2bcbe69a14d676c1f410ea5c33109584","previousblockhash":"0000000000000000000009c9d30ea797322c70fdd849f2a091275715f6a6f8aa","mediantime":1669163758,"nonce":2006653566,"bits":386375189,"difficulty":36950494067222}
root [DEBUG] (mempoolspace.py @ 69) query_mempool_block_info() -> {'id': '000000000000000000046710a408d8da55aba52b800650bd67f4b14342b7073f', 'height': 764338, 'version': 717234176, 'timestamp': 1669165863, 'tx_count': 1976, 'size': 1581459, 'weight': 3993018, 'merkle_root': '2f16c47c116133d6b070d333446819ff2bcbe69a14d676c1f410ea5c33109584', 'previousblockhash': '0000000000000000000009c9d30ea797322c70fdd849f2a091275715f6a6f8aa', 'mediantime': 1669163758, 'nonce': 2006653566, 'bits': 386375189, 'difficulty': 36950494067222}
tornado.general [INFO] (autoreload.py @ 200) /Users/micah/Downloads/start9/plebtools/src/tool_dashboard/callbacks.py modified; restarting server
root [INFO] (__main__.py @ 34) DEBUG MODE: True
root [DEBUG] (__main__.py @ 35) arguments: ['/Users/micah/Downloads/start9/plebtools/src/__main__.py']
root [WARNING] (__main__.py @ 38) hello... is this going to be in the docker logs?
asyncio [DEBUG] (selector_events.py @ 54) Using selector: KqueueSelector
pywebio.platform.tornado [INFO] (tornado.py @ 184) Try open http://0.0.0.0:8080 in web browser
pywebio.session.threadbased [DEBUG] (threadbased.py @ 239) Callback thread start
pywebio.platform.adaptor.http [DEBUG] (http.py @ 131) removing expired sessions
urllib3.connectionpool [DEBUG] (connectionpool.py @ 1003) Starting new HTTPS connection (1): api.coinbase.com:443
urllib3.connectionpool [DEBUG] (connectionpool.py @ 456) https://api.coinbase.com:443 "GET /v2/prices/spot?currency=USD HTTP/1.1" 200 None
root [DEBUG] (coinbase.py @ 27) query_bitcoin_spot_price() -> 16162.89
root [DEBUG] (mempoolspace.py @ 30) query_mempool_blockcount()
urllib3.connectionpool [DEBUG] (connectionpool.py @ 1003) Starting new HTTPS connection (1): mempool.space:443
urllib3.connectionpool [DEBUG] (connectionpool.py @ 456) https://mempool.space:443 "GET /api/blocks/tip/height HTTP/1.1" 200 6
root [DEBUG] (mempoolspace.py @ 34) response.status_code=200
root [DEBUG] (mempoolspace.py @ 44) query_mempool_blockcount() -> 764338
root [DEBUG] (mempoolspace.py @ 74) query_mempool_blocktime(height=0)
root [DEBUG] (mempoolspace.py @ 9) query_mempool_bitcoin_getblockhash(height=0)
urllib3.connectionpool [DEBUG] (connectionpool.py @ 1003) Starting new HTTPS connection (1): mempool.space:443
urllib3.connectionpool [DEBUG] (connectionpool.py @ 456) https://mempool.space:443 "GET /api/block-height/0 HTTP/1.1" 200 64
root [DEBUG] (mempoolspace.py @ 14) response.status_code=200
root [DEBUG] (mempoolspace.py @ 25) query_mempool_bitcoin_getblockhash() -> 000000000019d6689c085ae165831e934ff763ae46a2a6c172b3f1b60a8ce26f
root [DEBUG] (mempoolspace.py @ 49) query_mempool_block_info(hash='000000000019d6689c085ae165831e934ff763ae46a2a6c172b3f1b60a8ce26f')
urllib3.connectionpool [DEBUG] (connectionpool.py @ 1003) Starting new HTTPS connection (1): mempool.space:443
urllib3.connectionpool [DEBUG] (connectionpool.py @ 456) https://mempool.space:443 "GET /api/block/000000000019d6689c085ae165831e934ff763ae46a2a6c172b3f1b60a8ce26f HTTP/1.1" 200 338
root [DEBUG] (mempoolspace.py @ 53) response.status_code=200; {"id":"000000000019d6689c085ae165831e934ff763ae46a2a6c172b3f1b60a8ce26f","height":0,"version":1,"timestamp":1231006505,"tx_count":1,"size":285,"weight":1140,"merkle_root":"4a5e1e4baab89f3a32518a88c31bc87f618f76673e2cc77ab2127b7afdeda33b","previousblockhash":null,"mediantime":1231006505,"nonce":2083236893,"bits":486604799,"difficulty":1}
root [DEBUG] (mempoolspace.py @ 69) query_mempool_block_info() -> {'id': '000000000019d6689c085ae165831e934ff763ae46a2a6c172b3f1b60a8ce26f', 'height': 0, 'version': 1, 'timestamp': 1231006505, 'tx_count': 1, 'size': 285, 'weight': 1140, 'merkle_root': '4a5e1e4baab89f3a32518a88c31bc87f618f76673e2cc77ab2127b7afdeda33b', 'previousblockhash': None, 'mediantime': 1231006505, 'nonce': 2083236893, 'bits': 486604799, 'difficulty': 1}
root [DEBUG] (mempoolspace.py @ 74) query_mempool_blocktime(height=764338)
root [DEBUG] (mempoolspace.py @ 9) query_mempool_bitcoin_getblockhash(height=764338)
urllib3.connectionpool [DEBUG] (connectionpool.py @ 1003) Starting new HTTPS connection (1): mempool.space:443
urllib3.connectionpool [DEBUG] (connectionpool.py @ 456) https://mempool.space:443 "GET /api/block-height/764338 HTTP/1.1" 200 64
root [DEBUG] (mempoolspace.py @ 14) response.status_code=200
root [DEBUG] (mempoolspace.py @ 25) query_mempool_bitcoin_getblockhash() -> 000000000000000000046710a408d8da55aba52b800650bd67f4b14342b7073f
root [DEBUG] (mempoolspace.py @ 49) query_mempool_block_info(hash='000000000000000000046710a408d8da55aba52b800650bd67f4b14342b7073f')
urllib3.connectionpool [DEBUG] (connectionpool.py @ 1003) Starting new HTTPS connection (1): mempool.space:443
urllib3.connectionpool [DEBUG] (connectionpool.py @ 456) https://mempool.space:443 "GET /api/block/000000000000000000046710a408d8da55aba52b800650bd67f4b14342b7073f HTTP/1.1" 200 436
root [DEBUG] (mempoolspace.py @ 53) response.status_code=200; {"id":"000000000000000000046710a408d8da55aba52b800650bd67f4b14342b7073f","height":764338,"version":717234176,"timestamp":1669165863,"tx_count":1976,"size":1581459,"weight":3993018,"merkle_root":"2f16c47c116133d6b070d333446819ff2bcbe69a14d676c1f410ea5c33109584","previousblockhash":"0000000000000000000009c9d30ea797322c70fdd849f2a091275715f6a6f8aa","mediantime":1669163758,"nonce":2006653566,"bits":386375189,"difficulty":36950494067222}
root [DEBUG] (mempoolspace.py @ 69) query_mempool_block_info() -> {'id': '000000000000000000046710a408d8da55aba52b800650bd67f4b14342b7073f', 'height': 764338, 'version': 717234176, 'timestamp': 1669165863, 'tx_count': 1976, 'size': 1581459, 'weight': 3993018, 'merkle_root': '2f16c47c116133d6b070d333446819ff2bcbe69a14d676c1f410ea5c33109584', 'previousblockhash': '0000000000000000000009c9d30ea797322c70fdd849f2a091275715f6a6f8aa', 'mediantime': 1669163758, 'nonce': 2006653566, 'bits': 386375189, 'difficulty': 36950494067222}
tornado.general [INFO] (autoreload.py @ 200) /Users/micah/Downloads/start9/plebtools/src/tool_dashboard/callbacks.py modified; restarting server
root [INFO] (__main__.py @ 34) DEBUG MODE: True
root [DEBUG] (__main__.py @ 35) arguments: ['/Users/micah/Downloads/start9/plebtools/src/__main__.py']
root [WARNING] (__main__.py @ 38) hello... is this going to be in the docker logs?
asyncio [DEBUG] (selector_events.py @ 54) Using selector: KqueueSelector
pywebio.platform.tornado [INFO] (tornado.py @ 184) Try open http://0.0.0.0:8080 in web browser
pywebio.session.threadbased [DEBUG] (threadbased.py @ 239) Callback thread start
pywebio.platform.adaptor.http [DEBUG] (http.py @ 131) removing expired sessions
tornado.general [INFO] (autoreload.py @ 200) /Users/micah/Downloads/start9/plebtools/src/tool_dashboard/callbacks.py modified; restarting server
root [INFO] (__main__.py @ 34) DEBUG MODE: True
root [DEBUG] (__main__.py @ 35) arguments: ['/Users/micah/Downloads/start9/plebtools/src/__main__.py']
root [WARNING] (__main__.py @ 38) hello... is this going to be in the docker logs?
asyncio [DEBUG] (selector_events.py @ 54) Using selector: KqueueSelector
pywebio.platform.tornado [INFO] (tornado.py @ 184) Try open http://0.0.0.0:8080 in web browser
pywebio.session.threadbased [DEBUG] (threadbased.py @ 239) Callback thread start
pywebio.platform.adaptor.http [DEBUG] (http.py @ 131) removing expired sessions
root [INFO] (__main__.py @ 34) DEBUG MODE: True
root [DEBUG] (__main__.py @ 35) arguments: ['/Users/micah/Downloads/start9/plebtools/src/__main__.py']
root [WARNING] (__main__.py @ 38) hello... is this going to be in the docker logs?
asyncio [DEBUG] (selector_events.py @ 54) Using selector: KqueueSelector
pywebio.platform.tornado [INFO] (tornado.py @ 184) Try open http://0.0.0.0:8080 in web browser
pywebio.session.threadbased [DEBUG] (threadbased.py @ 239) Callback thread start
pywebio.platform.adaptor.http [DEBUG] (http.py @ 131) removing expired sessions
urllib3.connectionpool [DEBUG] (connectionpool.py @ 1003) Starting new HTTPS connection (1): api.coinbase.com:443
urllib3.connectionpool [DEBUG] (connectionpool.py @ 456) https://api.coinbase.com:443 "GET /v2/prices/spot?currency=USD HTTP/1.1" 200 None
root [DEBUG] (coinbase.py @ 27) query_bitcoin_spot_price() -> 16153.43
root [DEBUG] (mempoolspace.py @ 30) query_mempool_blockcount()
urllib3.connectionpool [DEBUG] (connectionpool.py @ 1003) Starting new HTTPS connection (1): mempool.space:443
urllib3.connectionpool [DEBUG] (connectionpool.py @ 456) https://mempool.space:443 "GET /api/blocks/tip/height HTTP/1.1" 200 6
root [DEBUG] (mempoolspace.py @ 34) response.status_code=200
root [DEBUG] (mempoolspace.py @ 44) query_mempool_blockcount() -> 764338
root [DEBUG] (mempoolspace.py @ 74) query_mempool_blocktime(height=0)
root [DEBUG] (mempoolspace.py @ 9) query_mempool_bitcoin_getblockhash(height=0)
urllib3.connectionpool [DEBUG] (connectionpool.py @ 1003) Starting new HTTPS connection (1): mempool.space:443
urllib3.connectionpool [DEBUG] (connectionpool.py @ 456) https://mempool.space:443 "GET /api/block-height/0 HTTP/1.1" 200 64
root [DEBUG] (mempoolspace.py @ 14) response.status_code=200
root [DEBUG] (mempoolspace.py @ 25) query_mempool_bitcoin_getblockhash() -> 000000000019d6689c085ae165831e934ff763ae46a2a6c172b3f1b60a8ce26f
root [DEBUG] (mempoolspace.py @ 49) query_mempool_block_info(hash='000000000019d6689c085ae165831e934ff763ae46a2a6c172b3f1b60a8ce26f')
urllib3.connectionpool [DEBUG] (connectionpool.py @ 1003) Starting new HTTPS connection (1): mempool.space:443
urllib3.connectionpool [DEBUG] (connectionpool.py @ 456) https://mempool.space:443 "GET /api/block/000000000019d6689c085ae165831e934ff763ae46a2a6c172b3f1b60a8ce26f HTTP/1.1" 200 338
root [DEBUG] (mempoolspace.py @ 53) response.status_code=200; {"id":"000000000019d6689c085ae165831e934ff763ae46a2a6c172b3f1b60a8ce26f","height":0,"version":1,"timestamp":1231006505,"tx_count":1,"size":285,"weight":1140,"merkle_root":"4a5e1e4baab89f3a32518a88c31bc87f618f76673e2cc77ab2127b7afdeda33b","previousblockhash":null,"mediantime":1231006505,"nonce":2083236893,"bits":486604799,"difficulty":1}
root [DEBUG] (mempoolspace.py @ 69) query_mempool_block_info() -> {'id': '000000000019d6689c085ae165831e934ff763ae46a2a6c172b3f1b60a8ce26f', 'height': 0, 'version': 1, 'timestamp': 1231006505, 'tx_count': 1, 'size': 285, 'weight': 1140, 'merkle_root': '4a5e1e4baab89f3a32518a88c31bc87f618f76673e2cc77ab2127b7afdeda33b', 'previousblockhash': None, 'mediantime': 1231006505, 'nonce': 2083236893, 'bits': 486604799, 'difficulty': 1}
root [DEBUG] (mempoolspace.py @ 74) query_mempool_blocktime(height=764338)
root [DEBUG] (mempoolspace.py @ 9) query_mempool_bitcoin_getblockhash(height=764338)
urllib3.connectionpool [DEBUG] (connectionpool.py @ 1003) Starting new HTTPS connection (1): mempool.space:443
urllib3.connectionpool [DEBUG] (connectionpool.py @ 456) https://mempool.space:443 "GET /api/block-height/764338 HTTP/1.1" 200 64
root [DEBUG] (mempoolspace.py @ 14) response.status_code=200
root [DEBUG] (mempoolspace.py @ 25) query_mempool_bitcoin_getblockhash() -> 000000000000000000046710a408d8da55aba52b800650bd67f4b14342b7073f
root [DEBUG] (mempoolspace.py @ 49) query_mempool_block_info(hash='000000000000000000046710a408d8da55aba52b800650bd67f4b14342b7073f')
urllib3.connectionpool [DEBUG] (connectionpool.py @ 1003) Starting new HTTPS connection (1): mempool.space:443
urllib3.connectionpool [DEBUG] (connectionpool.py @ 456) https://mempool.space:443 "GET /api/block/000000000000000000046710a408d8da55aba52b800650bd67f4b14342b7073f HTTP/1.1" 200 436
root [DEBUG] (mempoolspace.py @ 53) response.status_code=200; {"id":"000000000000000000046710a408d8da55aba52b800650bd67f4b14342b7073f","height":764338,"version":717234176,"timestamp":1669165863,"tx_count":1976,"size":1581459,"weight":3993018,"merkle_root":"2f16c47c116133d6b070d333446819ff2bcbe69a14d676c1f410ea5c33109584","previousblockhash":"0000000000000000000009c9d30ea797322c70fdd849f2a091275715f6a6f8aa","mediantime":1669163758,"nonce":2006653566,"bits":386375189,"difficulty":36950494067222}
root [DEBUG] (mempoolspace.py @ 69) query_mempool_block_info() -> {'id': '000000000000000000046710a408d8da55aba52b800650bd67f4b14342b7073f', 'height': 764338, 'version': 717234176, 'timestamp': 1669165863, 'tx_count': 1976, 'size': 1581459, 'weight': 3993018, 'merkle_root': '2f16c47c116133d6b070d333446819ff2bcbe69a14d676c1f410ea5c33109584', 'previousblockhash': '0000000000000000000009c9d30ea797322c70fdd849f2a091275715f6a6f8aa', 'mediantime': 1669163758, 'nonce': 2006653566, 'bits': 386375189, 'difficulty': 36950494067222}
tornado.general [INFO] (autoreload.py @ 200) /Users/micah/Downloads/start9/plebtools/src/tool_dashboard/callbacks.py modified; restarting server
root [INFO] (__main__.py @ 34) DEBUG MODE: True
root [DEBUG] (__main__.py @ 35) arguments: ['/Users/micah/Downloads/start9/plebtools/src/__main__.py']
root [WARNING] (__main__.py @ 38) hello... is this going to be in the docker logs?
asyncio [DEBUG] (selector_events.py @ 54) Using selector: KqueueSelector
pywebio.platform.tornado [INFO] (tornado.py @ 184) Try open http://0.0.0.0:8080 in web browser
pywebio.session.threadbased [DEBUG] (threadbased.py @ 239) Callback thread start
pywebio.platform.adaptor.http [DEBUG] (http.py @ 131) removing expired sessions
urllib3.connectionpool [DEBUG] (connectionpool.py @ 1003) Starting new HTTPS connection (1): api.coinbase.com:443
urllib3.connectionpool [DEBUG] (connectionpool.py @ 456) https://api.coinbase.com:443 "GET /v2/prices/spot?currency=USD HTTP/1.1" 200 None
root [DEBUG] (coinbase.py @ 27) query_bitcoin_spot_price() -> 16153.43
root [DEBUG] (mempoolspace.py @ 30) query_mempool_blockcount()
urllib3.connectionpool [DEBUG] (connectionpool.py @ 1003) Starting new HTTPS connection (1): mempool.space:443
urllib3.connectionpool [DEBUG] (connectionpool.py @ 456) https://mempool.space:443 "GET /api/blocks/tip/height HTTP/1.1" 200 6
root [DEBUG] (mempoolspace.py @ 34) response.status_code=200
root [DEBUG] (mempoolspace.py @ 44) query_mempool_blockcount() -> 764338
root [DEBUG] (mempoolspace.py @ 74) query_mempool_blocktime(height=0)
root [DEBUG] (mempoolspace.py @ 9) query_mempool_bitcoin_getblockhash(height=0)
urllib3.connectionpool [DEBUG] (connectionpool.py @ 1003) Starting new HTTPS connection (1): mempool.space:443
urllib3.connectionpool [DEBUG] (connectionpool.py @ 456) https://mempool.space:443 "GET /api/block-height/0 HTTP/1.1" 200 64
root [DEBUG] (mempoolspace.py @ 14) response.status_code=200
root [DEBUG] (mempoolspace.py @ 25) query_mempool_bitcoin_getblockhash() -> 000000000019d6689c085ae165831e934ff763ae46a2a6c172b3f1b60a8ce26f
root [DEBUG] (mempoolspace.py @ 49) query_mempool_block_info(hash='000000000019d6689c085ae165831e934ff763ae46a2a6c172b3f1b60a8ce26f')
urllib3.connectionpool [DEBUG] (connectionpool.py @ 1003) Starting new HTTPS connection (1): mempool.space:443
urllib3.connectionpool [DEBUG] (connectionpool.py @ 456) https://mempool.space:443 "GET /api/block/000000000019d6689c085ae165831e934ff763ae46a2a6c172b3f1b60a8ce26f HTTP/1.1" 200 338
root [DEBUG] (mempoolspace.py @ 53) response.status_code=200; {"id":"000000000019d6689c085ae165831e934ff763ae46a2a6c172b3f1b60a8ce26f","height":0,"version":1,"timestamp":1231006505,"tx_count":1,"size":285,"weight":1140,"merkle_root":"4a5e1e4baab89f3a32518a88c31bc87f618f76673e2cc77ab2127b7afdeda33b","previousblockhash":null,"mediantime":1231006505,"nonce":2083236893,"bits":486604799,"difficulty":1}
root [DEBUG] (mempoolspace.py @ 69) query_mempool_block_info() -> {'id': '000000000019d6689c085ae165831e934ff763ae46a2a6c172b3f1b60a8ce26f', 'height': 0, 'version': 1, 'timestamp': 1231006505, 'tx_count': 1, 'size': 285, 'weight': 1140, 'merkle_root': '4a5e1e4baab89f3a32518a88c31bc87f618f76673e2cc77ab2127b7afdeda33b', 'previousblockhash': None, 'mediantime': 1231006505, 'nonce': 2083236893, 'bits': 486604799, 'difficulty': 1}
root [DEBUG] (mempoolspace.py @ 74) query_mempool_blocktime(height=764338)
root [DEBUG] (mempoolspace.py @ 9) query_mempool_bitcoin_getblockhash(height=764338)
urllib3.connectionpool [DEBUG] (connectionpool.py @ 1003) Starting new HTTPS connection (1): mempool.space:443
urllib3.connectionpool [DEBUG] (connectionpool.py @ 456) https://mempool.space:443 "GET /api/block-height/764338 HTTP/1.1" 200 64
root [DEBUG] (mempoolspace.py @ 14) response.status_code=200
root [DEBUG] (mempoolspace.py @ 25) query_mempool_bitcoin_getblockhash() -> 000000000000000000046710a408d8da55aba52b800650bd67f4b14342b7073f
root [DEBUG] (mempoolspace.py @ 49) query_mempool_block_info(hash='000000000000000000046710a408d8da55aba52b800650bd67f4b14342b7073f')
urllib3.connectionpool [DEBUG] (connectionpool.py @ 1003) Starting new HTTPS connection (1): mempool.space:443
urllib3.connectionpool [DEBUG] (connectionpool.py @ 456) https://mempool.space:443 "GET /api/block/000000000000000000046710a408d8da55aba52b800650bd67f4b14342b7073f HTTP/1.1" 200 436
root [DEBUG] (mempoolspace.py @ 53) response.status_code=200; {"id":"000000000000000000046710a408d8da55aba52b800650bd67f4b14342b7073f","height":764338,"version":717234176,"timestamp":1669165863,"tx_count":1976,"size":1581459,"weight":3993018,"merkle_root":"2f16c47c116133d6b070d333446819ff2bcbe69a14d676c1f410ea5c33109584","previousblockhash":"0000000000000000000009c9d30ea797322c70fdd849f2a091275715f6a6f8aa","mediantime":1669163758,"nonce":2006653566,"bits":386375189,"difficulty":36950494067222}
root [DEBUG] (mempoolspace.py @ 69) query_mempool_block_info() -> {'id': '000000000000000000046710a408d8da55aba52b800650bd67f4b14342b7073f', 'height': 764338, 'version': 717234176, 'timestamp': 1669165863, 'tx_count': 1976, 'size': 1581459, 'weight': 3993018, 'merkle_root': '2f16c47c116133d6b070d333446819ff2bcbe69a14d676c1f410ea5c33109584', 'previousblockhash': '0000000000000000000009c9d30ea797322c70fdd849f2a091275715f6a6f8aa', 'mediantime': 1669163758, 'nonce': 2006653566, 'bits': 386375189, 'difficulty': 36950494067222}
tornado.general [INFO] (autoreload.py @ 200) /Users/micah/Downloads/start9/plebtools/src/tool_nopreader/web_interface.py modified; restarting server
root [INFO] (__main__.py @ 34) DEBUG MODE: True
root [DEBUG] (__main__.py @ 35) arguments: ['/Users/micah/Downloads/start9/plebtools/src/__main__.py']
root [WARNING] (__main__.py @ 38) hello... is this going to be in the docker logs?
asyncio [DEBUG] (selector_events.py @ 54) Using selector: KqueueSelector
pywebio.platform.tornado [INFO] (tornado.py @ 184) Try open http://0.0.0.0:8080 in web browser
pywebio.session.threadbased [DEBUG] (threadbased.py @ 239) Callback thread start
pywebio.platform.adaptor.http [DEBUG] (http.py @ 131) removing expired sessions
tornado.general [INFO] (autoreload.py @ 200) /Users/micah/Downloads/start9/plebtools/src/tool_nopreader/web_interface.py modified; restarting server
root [INFO] (__main__.py @ 34) DEBUG MODE: True
root [DEBUG] (__main__.py @ 35) arguments: ['/Users/micah/Downloads/start9/plebtools/src/__main__.py']
root [WARNING] (__main__.py @ 38) hello... is this going to be in the docker logs?
asyncio [DEBUG] (selector_events.py @ 54) Using selector: KqueueSelector
pywebio.platform.tornado [INFO] (tornado.py @ 184) Try open http://0.0.0.0:8080 in web browser
pywebio.session.threadbased [DEBUG] (threadbased.py @ 239) Callback thread start
pywebio.platform.adaptor.http [DEBUG] (http.py @ 131) removing expired sessions
tornado.general [INFO] (autoreload.py @ 200) /Users/micah/Downloads/start9/plebtools/src/main_menu.py modified; restarting server
root [INFO] (__main__.py @ 34) DEBUG MODE: True
root [DEBUG] (__main__.py @ 35) arguments: ['/Users/micah/Downloads/start9/plebtools/src/__main__.py']
root [WARNING] (__main__.py @ 38) hello... is this going to be in the docker logs?
asyncio [DEBUG] (selector_events.py @ 54) Using selector: KqueueSelector
pywebio.platform.tornado [INFO] (tornado.py @ 184) Try open http://0.0.0.0:8080 in web browser
pywebio.session.threadbased [DEBUG] (threadbased.py @ 239) Callback thread start
pywebio.platform.adaptor.http [DEBUG] (http.py @ 131) removing expired sessions
tornado.general [INFO] (autoreload.py @ 200) /Users/micah/Downloads/start9/plebtools/src/main_menu.py modified; restarting server
root [INFO] (__main__.py @ 34) DEBUG MODE: True
root [DEBUG] (__main__.py @ 35) arguments: ['/Users/micah/Downloads/start9/plebtools/src/__main__.py']
root [WARNING] (__main__.py @ 38) hello... is this going to be in the docker logs?
asyncio [DEBUG] (selector_events.py @ 54) Using selector: KqueueSelector
pywebio.platform.tornado [INFO] (tornado.py @ 184) Try open http://0.0.0.0:8080 in web browser
pywebio.session.threadbased [DEBUG] (threadbased.py @ 239) Callback thread start
pywebio.platform.adaptor.http [DEBUG] (http.py @ 131) removing expired sessions
root [INFO] (__main__.py @ 34) DEBUG MODE: True
root [DEBUG] (__main__.py @ 35) arguments: ['/Users/micah/Downloads/start9/plebtools/src/__main__.py']
root [WARNING] (__main__.py @ 38) hello... is this going to be in the docker logs?
asyncio [DEBUG] (selector_events.py @ 54) Using selector: KqueueSelector
pywebio.platform.tornado [INFO] (tornado.py @ 184) Try open http://0.0.0.0:8080 in web browser
pywebio.session.threadbased [DEBUG] (threadbased.py @ 239) Callback thread start
pywebio.platform.adaptor.http [DEBUG] (http.py @ 131) removing expired sessions
tornado.general [INFO] (autoreload.py @ 200) /Users/micah/Downloads/start9/plebtools/src/main_menu.py modified; restarting server
root [INFO] (__main__.py @ 34) DEBUG MODE: True
root [DEBUG] (__main__.py @ 35) arguments: ['/Users/micah/Downloads/start9/plebtools/src/__main__.py']
root [WARNING] (__main__.py @ 38) hello... is this going to be in the docker logs?
asyncio [DEBUG] (selector_events.py @ 54) Using selector: KqueueSelector
pywebio.platform.tornado [INFO] (tornado.py @ 184) Try open http://0.0.0.0:8080 in web browser
pywebio.session.threadbased [DEBUG] (threadbased.py @ 239) Callback thread start
pywebio.platform.adaptor.http [DEBUG] (http.py @ 131) removing expired sessions
tornado.general [INFO] (autoreload.py @ 200) /Users/micah/Downloads/start9/plebtools/src/main_menu.py modified; restarting server
root [INFO] (__main__.py @ 34) DEBUG MODE: True
root [DEBUG] (__main__.py @ 35) arguments: ['/Users/micah/Downloads/start9/plebtools/src/__main__.py']
root [WARNING] (__main__.py @ 38) hello... is this going to be in the docker logs?
asyncio [DEBUG] (selector_events.py @ 54) Using selector: KqueueSelector
pywebio.platform.tornado [INFO] (tornado.py @ 184) Try open http://0.0.0.0:8080 in web browser
pywebio.session.threadbased [DEBUG] (threadbased.py @ 239) Callback thread start
pywebio.platform.adaptor.http [DEBUG] (http.py @ 131) removing expired sessions
tornado.general [INFO] (autoreload.py @ 200) /Users/micah/Downloads/start9/plebtools/src/main_menu.py modified; restarting server
root [INFO] (__main__.py @ 34) DEBUG MODE: True
root [DEBUG] (__main__.py @ 35) arguments: ['/Users/micah/Downloads/start9/plebtools/src/__main__.py']
root [WARNING] (__main__.py @ 38) hello... is this going to be in the docker logs?
asyncio [DEBUG] (selector_events.py @ 54) Using selector: KqueueSelector
pywebio.platform.tornado [INFO] (tornado.py @ 184) Try open http://0.0.0.0:8080 in web browser
pywebio.session.threadbased [DEBUG] (threadbased.py @ 239) Callback thread start
pywebio.platform.adaptor.http [DEBUG] (http.py @ 131) removing expired sessions
tornado.general [INFO] (autoreload.py @ 200) /Users/micah/Downloads/start9/plebtools/src/main_menu.py modified; restarting server
root [INFO] (__main__.py @ 34) DEBUG MODE: True
root [DEBUG] (__main__.py @ 35) arguments: ['/Users/micah/Downloads/start9/plebtools/src/__main__.py']
root [WARNING] (__main__.py @ 38) hello... is this going to be in the docker logs?
asyncio [DEBUG] (selector_events.py @ 54) Using selector: KqueueSelector
pywebio.platform.tornado [INFO] (tornado.py @ 184) Try open http://0.0.0.0:8080 in web browser
pywebio.session.threadbased [DEBUG] (threadbased.py @ 239) Callback thread start
pywebio.platform.adaptor.http [DEBUG] (http.py @ 131) removing expired sessions
tornado.general [INFO] (autoreload.py @ 200) /Users/micah/Downloads/start9/plebtools/src/main_menu.py modified; restarting server
root [INFO] (__main__.py @ 34) DEBUG MODE: True
root [DEBUG] (__main__.py @ 35) arguments: ['/Users/micah/Downloads/start9/plebtools/src/__main__.py']
root [WARNING] (__main__.py @ 38) hello... is this going to be in the docker logs?
asyncio [DEBUG] (selector_events.py @ 54) Using selector: KqueueSelector
pywebio.platform.tornado [INFO] (tornado.py @ 184) Try open http://0.0.0.0:8080 in web browser
pywebio.session.threadbased [DEBUG] (threadbased.py @ 239) Callback thread start
pywebio.platform.adaptor.http [DEBUG] (http.py @ 131) removing expired sessions
tornado.general [INFO] (autoreload.py @ 200) /Users/micah/Downloads/start9/plebtools/src/main_menu.py modified; restarting server
root [INFO] (__main__.py @ 34) DEBUG MODE: True
root [DEBUG] (__main__.py @ 35) arguments: ['/Users/micah/Downloads/start9/plebtools/src/__main__.py']
root [WARNING] (__main__.py @ 38) hello... is this going to be in the docker logs?
asyncio [DEBUG] (selector_events.py @ 54) Using selector: KqueueSelector
pywebio.platform.tornado [INFO] (tornado.py @ 184) Try open http://0.0.0.0:8080 in web browser
pywebio.session.threadbased [DEBUG] (threadbased.py @ 239) Callback thread start
pywebio.platform.adaptor.http [DEBUG] (http.py @ 131) removing expired sessions
tornado.general [INFO] (autoreload.py @ 200) /Users/micah/Downloads/start9/plebtools/src/main_menu.py modified; restarting server
root [INFO] (__main__.py @ 34) DEBUG MODE: True
root [DEBUG] (__main__.py @ 35) arguments: ['/Users/micah/Downloads/start9/plebtools/src/__main__.py']
root [WARNING] (__main__.py @ 38) hello... is this going to be in the docker logs?
asyncio [DEBUG] (selector_events.py @ 54) Using selector: KqueueSelector
pywebio.platform.tornado [INFO] (tornado.py @ 184) Try open http://0.0.0.0:8080 in web browser
pywebio.session.threadbased [DEBUG] (threadbased.py @ 239) Callback thread start
pywebio.platform.adaptor.http [DEBUG] (http.py @ 131) removing expired sessions
root [INFO] (__main__.py @ 34) DEBUG MODE: True
root [DEBUG] (__main__.py @ 35) arguments: ['/Users/micah/Downloads/start9/plebtools/src/__main__.py']
root [WARNING] (__main__.py @ 38) hello... is this going to be in the docker logs?
asyncio [DEBUG] (selector_events.py @ 54) Using selector: KqueueSelector
pywebio.platform.tornado [INFO] (tornado.py @ 184) Try open http://0.0.0.0:8080 in web browser
pywebio.session.threadbased [DEBUG] (threadbased.py @ 239) Callback thread start
pywebio.platform.adaptor.http [DEBUG] (http.py @ 131) removing expired sessions
root [INFO] (__main__.py @ 34) DEBUG MODE: False
root [WARNING] (__main__.py @ 38) hello... is this going to be in the docker logs?
pywebio.platform.tornado [INFO] (tornado.py @ 184) Try open http://0.0.0.0:8080 in web browser
